06-Jun-2021 00:10:08.012 심각 [http-nio-8353-exec-8] org.apache.catalina.core.StandardWrapperValve.invoke Servlet.service() for servlet [jsp] in context with path [] threw exception [java.lang.UnsupportedClassVersionError: user/User has been compiled by a more recent version of the Java Runtime (class file version 53.0), this version of the Java Runtime only recognizes class file versions up to 52.0 (unable to load class user.User)] with root cause
 java.lang.UnsupportedClassVersionError: user/User has been compiled by a more recent version of the Java Runtime (class file version 53.0), this version of the Java Runtime only recognizes class file versions up to 52.0 (unable to load class user.User)
	at org.apache.catalina.loader.WebappClassLoaderBase.findClassInternal(WebappClassLoaderBase.java:2478)
	at org.apache.catalina.loader.WebappClassLoaderBase.findClass(WebappClassLoaderBase.java:855)
	at org.apache.catalina.loader.WebappClassLoaderBase.loadClass(WebappClassLoaderBase.java:1304)
	at org.apache.catalina.loader.WebappClassLoaderBase.loadClass(WebappClassLoaderBase.java:1163)
	at org.apache.jasper.compiler.Generator$GenerateVisitor.visit(Generator.java:1355)
	at org.apache.jasper.compiler.Node$UseBean.accept(Node.java:1178)
	at org.apache.jasper.compiler.Node$Nodes.visit(Node.java:2376)
	at org.apache.jasper.compiler.Node$Visitor.visitBody(Node.java:2428)
	at org.apache.jasper.compiler.Node$Visitor.visit(Node.java:2434)
	at org.apache.jasper.compiler.Node$Root.accept(Node.java:464)
	at org.apache.jasper.compiler.Node$Nodes.visit(Node.java:2376)
	at org.apache.jasper.compiler.Generator.generate(Generator.java:3656)
	at org.apache.jasper.compiler.Compiler.generateJava(Compiler.java:252)
	at org.apache.jasper.compiler.Compiler.compile(Compiler.java:358)
	at org.apache.jasper.compiler.Compiler.compile(Compiler.java:338)
	at org.apache.jasper.compiler.Compiler.compile(Compiler.java:325)
	at org.apache.jasper.JspCompilationContext.compile(JspCompilationContext.java:580)
	at org.apache.jasper.servlet.JspServletWrapper.service(JspServletWrapper.java:363)
	at org.apache.jasper.servlet.JspServlet.serviceJspFile(JspServlet.java:396)
	at org.apache.jasper.servlet.JspServlet.service(JspServlet.java:340)
	at javax.servlet.http.HttpServlet.service(HttpServlet.java:729)
	at org.apache.catalina.core.ApplicationFilterChain.internalDoFilter(ApplicationFilterChain.java:292)
	at org.apache.catalina.core.ApplicationFilterChain.doFilter(ApplicationFilterChain.java:207)
	at org.apache.tomcat.websocket.server.WsFilter.doFilter(WsFilter.java:52)
	at org.apache.catalina.core.ApplicationFilterChain.internalDoFilter(ApplicationFilterChain.java:240)
	at org.apache.catalina.core.ApplicationFilterChain.doFilter(ApplicationFilterChain.java:207)
	at org.apache.catalina.core.StandardWrapperValve.invoke(StandardWrapperValve.java:212)
	at org.apache.catalina.core.StandardContextValve.invoke(StandardContextValve.java:94)
	at org.apache.catalina.core.StandardHostValve.invoke(StandardHostValve.java:141)
	at org.apache.catalina.valves.ErrorReportValve.invoke(ErrorReportValve.java:79)
	at org.apache.catalina.core.StandardEngineValve.invoke(StandardEngineValve.java:88)
	at org.apache.catalina.connector.CoyoteAdapter.service(CoyoteAdapter.java:502)
	at org.apache.coyote.http11.AbstractHttp11Processor.process(AbstractHttp11Processor.java:1132)
	at org.apache.coyote.AbstractProtocol$AbstractConnectionHandler.process(AbstractProtocol.java:684)
	at org.apache.tomcat.util.net.NioEndpoint$SocketProcessor.doRun(NioEndpoint.java:1539)
	at org.apache.tomcat.util.net.NioEndpoint$SocketProcessor.run(NioEndpoint.java:1495)
	at java.util.concurrent.ThreadPoolExecutor.runWorker(ThreadPoolExecutor.java:1142)
	at java.util.concurrent.ThreadPoolExecutor$Worker.run(ThreadPoolExecutor.java:617)
	at org.apache.tomcat.util.threads.TaskThread$WrappingRunnable.run(TaskThread.java:61)
	at java.lang.Thread.run(Thread.java:745)

